<?xml version="1.0" encoding="UTF-8"?>
<testsuite name="hello.HelloWorldTests" tests="2" skipped="0" failures="0" errors="0" timestamp="2021-11-27T02:01:20" hostname="optiplex9020" time="0.053">
  <properties/>
  <testcase name="shouldPrintTimeToConsole" classname="hello.HelloWorldTests" time="0.053"/>
  <testcase name="shouldPrintHelloWorldToConsole" classname="hello.HelloWorldTests" time="0.0"/>
  <system-out><![CDATA[]]></system-out>
  <system-err><![CDATA[]]></system-err>
</testsuite>
